2025-06-04 09:31:10,176 - ResilientPipelineRunner - INFO - 🔄 Running in CONTINUOUS mode
2025-06-04 09:31:10,176 - ResilientPipelineRunner - INFO - Starting SF Business Model Pipeline with 24 scripts
2025-06-04 09:31:10,176 - ResilientPipelineRunner - INFO - Continue on failure: True
2025-06-04 09:31:10,176 - ResilientPipelineRunner - INFO - Starting (1/24): api_keys_validation_01.py (timeout: 120min)
2025-06-04 09:31:10,229 - ResilientPipelineRunner - INFO - ✅ Completed: api_keys_validation_01.py (0.1s)
2025-06-04 09:31:10,229 - ResilientPipelineRunner - INFO - Starting (2/24): logging_config_setup_02.py (timeout: 120min)
2025-06-04 09:31:10,267 - ResilientPipelineRunner - INFO - Retry attempt 1 for logging_config_setup_02.py
2025-06-04 09:31:40,324 - ResilientPipelineRunner - INFO - Retry attempt 2 for logging_config_setup_02.py
2025-06-04 09:32:10,393 - ResilientPipelineRunner - ERROR - ❌ Failed: logging_config_setup_02.py (exit code: 1)
2025-06-04 09:32:10,393 - ResilientPipelineRunner - ERROR - Error output: Traceback (most recent call last):
  File "/Users/baboo/Documents/San Francisco Business Model/logging_config_setup_02.py", line 72, in <module>
    config = setup_directories()
  File "/Users/baboo/Documents/San Francisco Business Model/logging_config_setup_02.py", line 29, in setup_directories
    os.makedirs(directory, exist_ok=True)
  File "/Users/baboo/anaconda3/lib/python3.10/os.py", line 215, in makedirs
    makedirs(head, exist_ok=exist_ok)
  File "/Users/baboo/anaconda3/lib/python3.10/o
2025-06-04 09:32:10,394 - ResilientPipelineRunner - INFO - Continuing with next script due to continue_on_failure=True
2025-06-04 09:32:10,394 - ResilientPipelineRunner - INFO - Starting (3/24): helper_functions_03.py (timeout: 120min)
2025-06-04 09:32:11,016 - ResilientPipelineRunner - INFO - ✅ Completed: helper_functions_03.py (0.6s)
2025-06-04 09:32:11,016 - ResilientPipelineRunner - INFO - Output: Available functions: make_api_request, save_to_parquet
2025-06-04 09:32:11,016 - ResilientPipelineRunner - INFO - Starting (4/24): sf_business_data_04.py (timeout: 30min)
2025-06-04 09:32:39,525 - ResilientPipelineRunner - INFO - ✅ Completed: sf_business_data_04.py (28.5s)
2025-06-04 09:32:39,525 - ResilientPipelineRunner - INFO - Output: Fetched 342976 business records
2025-06-04 09:32:39,525 - ResilientPipelineRunner - INFO - Starting (5/24): fred_economic_data_05.py (timeout: 120min)
2025-06-04 09:32:43,362 - ResilientPipelineRunner - INFO - ✅ Completed: fred_economic_data_05.py (3.8s)
2025-06-04 09:32:43,362 - ResilientPipelineRunner - INFO - Output: Fetched 132 economic indicator records
2025-06-04 09:32:43,362 - ResilientPipelineRunner - INFO - Starting (6/24): census_demographic_data_06.py (timeout: 45min)
2025-06-04 09:35:07,413 - ResilientPipelineRunner - INFO - ✅ Completed: census_demographic_data_06.py (144.1s)
2025-06-04 09:35:07,413 - ResilientPipelineRunner - INFO - Output: Fetched and processed 297 census demographic records | Data includes 27 neighborhoods over 11 years
2025-06-04 09:35:07,413 - ResilientPipelineRunner - INFO - Starting (7/24): sf_planning_data_07.py (timeout: 120min)
