2025-05-24 07:44:11,794 - sf_planning - INFO - Fetching SF Planning Department Data from 2024-05-24...
2025-05-24 07:44:11,795 - root - WARNING - Requests made without an app_token will be subject to strict throttling limits.
2025-05-24 07:44:14,306 - sf_planning - INFO -   - Retrieved 25276 records from planning_permits
2025-05-24 07:44:39,755 - sf_planning - INFO -   - Retrieved 177023 records from land_use
2025-05-24 07:44:39,756 - sf_planning - INFO - Processing datasets...
2025-05-24 07:44:39,756 - sf_planning - INFO -   - Processing planning_permits dataset...
2025-05-24 07:44:39,763 - sf_planning - ERROR -   - Error processing planning_permits: module 'pandas.io.parsers' has no attribute 'ParserBase'
2025-05-24 07:44:39,772 - sf_planning - ERROR -   - Could not even save basic processed version of planning_permits: module 'pandas.io.parsers' has no attribute 'ParserBase'
2025-05-24 07:44:39,776 - sf_planning - INFO -   - Processing land_use dataset...
2025-05-24 07:44:39,840 - sf_planning - ERROR -   - Error processing land_use: module 'pandas.io.parsers' has no attribute 'ParserBase'
2025-05-24 07:44:39,919 - sf_planning - ERROR -   - Could not even save basic processed version of land_use: module 'pandas.io.parsers' has no attribute 'ParserBase'
2025-05-24 07:44:39,964 - sf_planning - INFO -   - Creating permit trends aggregations...
2025-05-24 07:44:39,965 - sf_planning - INFO -   - Creating land use aggregations...
2025-05-24 07:44:39,965 - sf_planning - INFO - Completed SF Planning data processing
2025-05-24 07:53:53,486 - sf_planning - INFO - Fetching SF Planning Department Data from 2024-05-24...
2025-05-24 07:53:53,487 - root - WARNING - Requests made without an app_token will be subject to strict throttling limits.
2025-05-24 07:53:56,900 - sf_planning - INFO -   - Retrieved 25276 records from planning_permits
2025-05-24 07:53:57,036 - sf_planning - ERROR -   - Error retrieving building_permits: 404 Client Error: Not Found
2025-05-24 07:53:57,037 - sf_planning - INFO -   - Attempting to load building_permits from existing raw file...
2025-05-24 07:53:57,038 - sf_planning - ERROR -   - Could not load from raw file either: [Errno 2] No such file or directory: 'data/raw_data/planning/building_permits_raw.parquet'
2025-05-24 07:54:27,014 - sf_planning - INFO -   - Retrieved 177023 records from land_use
2025-05-24 07:54:27,146 - sf_planning - ERROR -   - Error retrieving zoning: 404 Client Error: Not Found
2025-05-24 07:54:27,147 - sf_planning - INFO -   - Attempting to load zoning from existing raw file...
2025-05-24 07:54:27,148 - sf_planning - ERROR -   - Could not load from raw file either: [Errno 2] No such file or directory: 'data/raw_data/planning/zoning_raw.parquet'
2025-05-24 07:54:27,293 - sf_planning - ERROR -   - Error retrieving height_districts: 404 Client Error: Not Found
2025-05-24 07:54:27,294 - sf_planning - INFO -   - Attempting to load height_districts from existing raw file...
2025-05-24 07:54:27,294 - sf_planning - ERROR -   - Could not load from raw file either: [Errno 2] No such file or directory: 'data/raw_data/planning/height_districts_raw.parquet'
2025-05-24 07:54:27,294 - sf_planning - INFO - Processing datasets...
2025-05-24 07:54:27,295 - sf_planning - INFO -   - Processing planning_permits dataset...
2025-05-24 07:54:27,302 - sf_planning - ERROR -   - Error processing planning_permits: module 'pandas.io.parsers' has no attribute 'ParserBase'
2025-05-24 07:54:27,312 - sf_planning - ERROR -   - Could not even save basic processed version of planning_permits: module 'pandas.io.parsers' has no attribute 'ParserBase'
2025-05-24 07:54:27,317 - sf_planning - INFO -   - Processing land_use dataset...
2025-05-24 07:54:27,383 - sf_planning - ERROR -   - Error processing land_use: module 'pandas.io.parsers' has no attribute 'ParserBase'
2025-05-24 07:54:27,449 - sf_planning - ERROR -   - Could not even save basic processed version of land_use: module 'pandas.io.parsers' has no attribute 'ParserBase'
2025-05-24 07:54:27,483 - sf_planning - INFO -   - Creating permit trends aggregations...
2025-05-24 07:54:27,484 - sf_planning - INFO -   - Creating land use aggregations...
2025-05-24 07:54:27,484 - sf_planning - INFO - Completed SF Planning data processing
2025-05-24 07:55:52,254 - sf_planning - INFO - Fetching SF Planning Department Data from 2024-05-24...
2025-05-24 07:55:52,255 - root - WARNING - Requests made without an app_token will be subject to strict throttling limits.
2025-05-24 07:56:02,602 - sf_planning - ERROR -   - Error retrieving planning_permits: HTTPSConnectionPool(host='data.sfgov.org', port=443): Read timed out. (read timeout=10)
2025-05-24 07:56:02,603 - sf_planning - INFO -   - Attempting to load planning_permits from existing raw file...
2025-05-24 07:56:02,813 - sf_planning - INFO -   - Loaded 25276 records from existing planning_permits_raw.parquet
2025-05-24 07:56:03,344 - sf_planning - ERROR -   - Error retrieving building_permits: 404 Client Error: Not Found
2025-05-24 07:56:03,345 - sf_planning - INFO -   - Attempting to load building_permits from existing raw file...
2025-05-24 07:56:03,347 - sf_planning - ERROR -   - Could not load from raw file either: [Errno 2] No such file or directory: 'data/raw_data/planning/building_permits_raw.parquet'
2025-05-24 07:56:31,175 - sf_planning - INFO -   - Retrieved 177023 records from land_use
2025-05-24 07:56:31,318 - sf_planning - ERROR -   - Error retrieving zoning: 404 Client Error: Not Found
2025-05-24 07:56:31,318 - sf_planning - INFO -   - Attempting to load zoning from existing raw file...
2025-05-24 07:56:31,319 - sf_planning - ERROR -   - Could not load from raw file either: [Errno 2] No such file or directory: 'data/raw_data/planning/zoning_raw.parquet'
2025-05-24 07:56:31,459 - sf_planning - ERROR -   - Error retrieving height_districts: 404 Client Error: Not Found
2025-05-24 07:56:31,460 - sf_planning - INFO -   - Attempting to load height_districts from existing raw file...
2025-05-24 07:56:31,460 - sf_planning - ERROR -   - Could not load from raw file either: [Errno 2] No such file or directory: 'data/raw_data/planning/height_districts_raw.parquet'
2025-05-24 07:56:31,461 - sf_planning - INFO - Processing datasets...
2025-05-24 07:56:31,461 - sf_planning - INFO -   - Processing planning_permits dataset...
2025-05-24 07:56:31,466 - sf_planning - ERROR -   - Error processing planning_permits: module 'pandas.io.parsers' has no attribute 'ParserBase'
2025-05-24 07:56:31,471 - sf_planning - ERROR -   - Could not even save basic processed version of planning_permits: module 'pandas.io.parsers' has no attribute 'ParserBase'
2025-05-24 07:56:31,473 - sf_planning - INFO -   - Processing land_use dataset...
2025-05-24 07:56:31,547 - sf_planning - ERROR -   - Error processing land_use: module 'pandas.io.parsers' has no attribute 'ParserBase'
2025-05-24 07:56:31,603 - sf_planning - ERROR -   - Could not even save basic processed version of land_use: module 'pandas.io.parsers' has no attribute 'ParserBase'
2025-05-24 07:56:31,639 - sf_planning - INFO -   - Creating permit trends aggregations...
2025-05-24 07:56:31,639 - sf_planning - INFO -   - Creating land use aggregations...
2025-05-24 07:56:31,640 - sf_planning - INFO - Completed SF Planning data processing
2025-05-24 08:03:36,571 - sf_planning - INFO - Fetching SF Planning Department Data from 2024-05-24...
2025-05-24 08:03:36,572 - root - WARNING - Requests made without an app_token will be subject to strict throttling limits.
2025-05-24 08:03:39,417 - sf_planning - INFO -   - Retrieved 25276 records from building_permits
2025-05-24 08:03:42,987 - sf_planning - INFO -   - Retrieved 52990 records from planning_projects
2025-05-24 08:03:55,880 - sf_planning - INFO -   - Retrieved 221754 records from planning_non_projects
2025-05-24 08:04:51,058 - sf_planning - INFO -   - Retrieved 177023 records from land_use
2025-05-24 08:04:51,059 - sf_planning - INFO - Processing datasets...
2025-05-24 08:04:51,059 - sf_planning - INFO -   - Processing building_permits dataset...
2025-05-24 08:04:51,227 - sf_planning - INFO -   - Processed and saved building_permits data with 25276 rows
2025-05-24 08:04:51,227 - sf_planning - INFO -   - Processing planning_projects dataset...
2025-05-24 08:04:51,633 - sf_planning - INFO -   - Processed and saved planning_projects data with 52990 rows
2025-05-24 08:04:51,633 - sf_planning - INFO -   - Processing planning_non_projects dataset...
2025-05-24 08:04:52,893 - sf_planning - INFO -   - Processed and saved planning_non_projects data with 221754 rows
2025-05-24 08:04:52,894 - sf_planning - INFO -   - Processing land_use dataset...
2025-05-24 08:04:55,304 - sf_planning - INFO -   - Processed and saved land_use data with 177023 rows and simplified version with 177023 rows
2025-05-24 08:04:55,305 - sf_planning - INFO -   - Creating building_permits trends aggregations...
2025-05-24 08:04:55,305 - sf_planning - INFO -   - Creating planning_projects trends aggregations...
2025-05-24 08:04:55,305 - sf_planning - INFO -   - Creating planning_non_projects trends aggregations...
2025-05-24 08:04:55,306 - sf_planning - INFO -   - Creating land use aggregations...
2025-05-24 08:04:55,313 - sf_planning - INFO -   - Created and saved land use aggregations
2025-05-24 08:04:55,314 - sf_planning - INFO - Completed SF Planning data processing
2025-05-24 08:06:53,228 - sf_planning - INFO - Fetching SF Planning Department Data from 2024-05-24...
2025-05-24 08:06:53,229 - root - WARNING - Requests made without an app_token will be subject to strict throttling limits.
2025-05-24 08:07:03,589 - sf_planning - ERROR -   - Error retrieving building_permits: HTTPSConnectionPool(host='data.sfgov.org', port=443): Read timed out. (read timeout=10)
2025-05-24 08:07:03,590 - sf_planning - INFO -   - Attempting to load building_permits from existing raw file...
2025-05-24 08:07:03,649 - sf_planning - INFO -   - Loaded 25276 records from existing building_permits_raw.parquet
2025-05-24 08:07:15,500 - sf_planning - INFO -   - Retrieved 52990 records from planning_projects
2025-05-24 08:07:28,284 - sf_planning - INFO -   - Retrieved 221754 records from planning_non_projects
2025-05-24 08:08:01,770 - sf_planning - INFO -   - Retrieved 177023 records from land_use
2025-05-24 08:08:01,771 - sf_planning - INFO - Processing datasets...
2025-05-24 08:08:01,772 - sf_planning - INFO -   - Processing building_permits dataset...
2025-05-24 08:08:01,977 - sf_planning - INFO -   - Processed and saved building_permits data with 25276 rows
2025-05-24 08:08:01,977 - sf_planning - INFO -   - Processing planning_projects dataset...
2025-05-24 08:08:02,402 - sf_planning - INFO -   - Processed and saved planning_projects data with 52990 rows
2025-05-24 08:08:02,402 - sf_planning - INFO -   - Processing planning_non_projects dataset...
2025-05-24 08:08:03,587 - sf_planning - INFO -   - Processed and saved planning_non_projects data with 221754 rows
2025-05-24 08:08:03,588 - sf_planning - INFO -   - Processing land_use dataset...
2025-05-24 08:08:06,208 - sf_planning - INFO -   - Processed and saved land_use data with 177023 rows and simplified version with 177023 rows
2025-05-24 08:08:06,208 - sf_planning - INFO -   - Creating building_permits trends aggregations...
2025-05-24 08:08:06,208 - sf_planning - INFO -   - Creating planning_projects trends aggregations...
2025-05-24 08:08:06,209 - sf_planning - INFO -   - Creating planning_non_projects trends aggregations...
2025-05-24 08:08:06,209 - sf_planning - INFO -   - Creating land use aggregations...
2025-05-24 08:08:06,215 - sf_planning - INFO -   - Created and saved land use aggregations
2025-05-24 08:08:06,215 - sf_planning - INFO - Completed SF Planning data processing
2025-05-24 08:13:28,723 - sf_planning - INFO - Fetching SF Planning Department Data from 2014-05-27...
2025-05-24 08:13:28,724 - root - WARNING - Requests made without an app_token will be subject to strict throttling limits.
2025-05-24 08:13:57,428 - sf_planning - INFO -   - Retrieved 363875 records from building_permits
2025-05-24 08:14:02,298 - sf_planning - INFO -   - Retrieved 52990 records from planning_projects
2025-05-24 08:14:09,301 - sf_planning - INFO -   - Retrieved 221754 records from planning_non_projects
2025-05-24 08:14:59,392 - sf_planning - INFO -   - Retrieved 177023 records from land_use
2025-05-24 08:14:59,392 - sf_planning - INFO - Processing datasets...
2025-05-24 08:14:59,393 - sf_planning - INFO -   - Processing building_permits dataset...
2025-05-24 08:15:02,905 - sf_planning - INFO -   - Processed and saved building_permits data with 363875 rows
2025-05-24 08:15:02,906 - sf_planning - INFO -   - Processing planning_projects dataset...
2025-05-24 08:15:03,317 - sf_planning - INFO -   - Processed and saved planning_projects data with 52990 rows
2025-05-24 08:15:03,318 - sf_planning - INFO -   - Processing planning_non_projects dataset...
2025-05-24 08:15:04,618 - sf_planning - INFO -   - Processed and saved planning_non_projects data with 221754 rows
2025-05-24 08:15:04,620 - sf_planning - INFO -   - Processing land_use dataset...
2025-05-24 08:15:07,196 - sf_planning - INFO -   - Processed and saved land_use data with 177023 rows and simplified version with 177023 rows
2025-05-24 08:15:07,197 - sf_planning - INFO -   - Creating building_permits trends aggregations...
2025-05-24 08:15:07,197 - sf_planning - INFO -   - Creating planning_projects trends aggregations...
2025-05-24 08:15:07,197 - sf_planning - INFO -   - Creating planning_non_projects trends aggregations...
2025-05-24 08:15:07,198 - sf_planning - INFO -   - Creating land use aggregations...
2025-05-24 08:15:07,203 - sf_planning - INFO -   - Created and saved land use aggregations
2025-05-24 08:15:07,204 - sf_planning - INFO - Completed SF Planning data processing
